<?xml version="1.0" encoding="UTF-8"?>
<testng-results skipped="0" failed="0" ignored="0" total="1" passed="1">
  <reporter-output>
  </reporter-output>
  <suite name="Default suite" duration-ms="48283" started-at="2019-03-07T07:22:19Z" finished-at="2019-03-07T07:23:08Z">
    <groups>
    </groups>
    <test name="Default test" duration-ms="48283" started-at="2019-03-07T07:22:19Z" finished-at="2019-03-07T07:23:08Z">
      <class name="com.training.sanity.tests.ELTC_086">
        <test-method status="PASS" signature="setUpBeforeClass()[pri:0, instance:com.training.sanity.tests.ELTC_086@1aeed2f]" name="setUpBeforeClass" is-config="true" duration-ms="14" started-at="2019-03-07T12:52:19Z" finished-at="2019-03-07T12:52:20Z">
          <reporter-output>
          </reporter-output>
        </test-method> <!-- setUpBeforeClass -->
        <test-method status="PASS" signature="setUp()[pri:0, instance:com.training.sanity.tests.ELTC_086@1aeed2f]" name="setUp" is-config="true" duration-ms="9692" started-at="2019-03-07T12:52:20Z" finished-at="2019-03-07T12:52:29Z">
          <reporter-output>
          </reporter-output>
        </test-method> <!-- setUp -->
        <test-method status="PASS" signature="CourseAddedtoSession()[pri:0, instance:com.training.sanity.tests.ELTC_086@1aeed2f]" name="CourseAddedtoSession" duration-ms="38545" started-at="2019-03-07T12:52:29Z" finished-at="2019-03-07T12:53:08Z">
          <reporter-output>
          </reporter-output>
        </test-method> <!-- CourseAddedtoSession -->
      </class> <!-- com.training.sanity.tests.ELTC_086 -->
    </test> <!-- Default test -->
  </suite> <!-- Default suite -->
</testng-results>
